<?xml version="1.0" encoding="UTF-8"?>
<robot generator="Robot 6.1.1 (Python 3.8.10 on linux)" generated="20240703 11:34:36.123" rpa="false" schemaversion="4">
<suite id="s1" name="Tests" source="/home/purva/Documents/NewRobot/tests">
<suite id="s1-s1" name="Login Test" source="/home/purva/Documents/NewRobot/tests/login_test.robot">
<test id="s1-s1-t1" name="Open Browser and Check Title" line="8">
<kw name="Open Browser" library="SeleniumLibrary">
<arg>${URL}</arg>
<arg>browser=${BROWSER}</arg>
<arg>executable_path=${DRIVER_PATH}</arg>
<doc>Opens a new browser instance to the optional ``url``.</doc>
<msg timestamp="20240703 11:34:36.224" level="INFO">Opening browser 'chrome' to base url 'https://practicetestautomation.com/practice-test-login/'.</msg>
<status status="PASS" starttime="20240703 11:34:36.223" endtime="20240703 11:34:39.341"/>
</kw>
<kw name="Title Should Be" library="SeleniumLibrary">
<arg>Test Login | Practice Test Automation</arg>
<doc>Verifies that the current page title equals ``title``.</doc>
<msg timestamp="20240703 11:34:39.344" level="INFO">Page title is 'Test Login | Practice Test Automation'.</msg>
<status status="PASS" starttime="20240703 11:34:39.341" endtime="20240703 11:34:39.345"/>
</kw>
<kw name="Close Browser" library="SeleniumLibrary" type="TEARDOWN">
<doc>Closes the current browser.</doc>
<status status="PASS" starttime="20240703 11:34:39.345" endtime="20240703 11:34:39.423"/>
</kw>
<status status="PASS" starttime="20240703 11:34:36.223" endtime="20240703 11:34:39.423"/>
</test>
<status status="PASS" starttime="20240703 11:34:36.136" endtime="20240703 11:34:39.423"/>
</suite>
<status status="PASS" starttime="20240703 11:34:36.124" endtime="20240703 11:34:39.424"/>
</suite>
<statistics>
<total>
<stat pass="1" fail="0" skip="0">All Tests</stat>
</total>
<tag>
</tag>
<suite>
<stat pass="1" fail="0" skip="0" id="s1" name="Tests">Tests</stat>
<stat pass="1" fail="0" skip="0" id="s1-s1" name="Login Test">Tests.Login Test</stat>
</suite>
</statistics>
<errors>
</errors>
</robot>
